<?xml version="1.0" encoding="UTF-8"?>
<!-- Generated by org.testng.reporters.JUnitReportReporter -->
<testsuite hostname="LIN-5CG11526S5" failures="0" tests="1" name="com.sky.testcases.TestCaseDemo" time="0.008" errors="0" timestamp="2024-10-07T18:19:33 IST" skipped="0">
  <testcase classname="com.sky.testcases.TestCaseDemo" name="testcheck" time="0.008"/>
  <system-out/>
</testsuite> <!-- com.sky.testcases.TestCaseDemo -->
