<?xml version="1.0" encoding="UTF-8"?>
<!-- Generated by org.testng.reporters.JUnitReportReporter -->
<testsuite hostname="LIN-5CG11526S5" failures="0" tests="1" name="com.sky.testcases.LoginTest" time="6.306" errors="0" timestamp="2024-10-07T21:52:56 IST" skipped="0">
  <testcase classname="com.sky.testcases.LoginTest" name="verifyLogin" time="6.306"/>
  <system-out/>
</testsuite> <!-- com.sky.testcases.LoginTest -->
