<?xml version="1.0" encoding="UTF-8"?>
<!-- Generated by org.testng.reporters.JUnitReportReporter -->
<testsuite hostname="LIN-5CG11526S5" failures="0" tests="1" name="com.sky.testcases.SearchTestcase" time="24.217" errors="0" timestamp="2024-10-09T15:48:31 IST" skipped="0">
  <testcase classname="com.sky.testcases.SearchTestcase" name="searchContract" time="24.217"/>
  <system-out/>
</testsuite> <!-- com.sky.testcases.SearchTestcase -->
