<?xml version="1.0" encoding="UTF-8"?>
<!-- Generated by org.testng.reporters.JUnitReportReporter -->
<testsuite hostname="LIN-5CG11526S5" failures="0" tests="3" name="com.sky.testcases.ChangeMOPvsIBAN" time="43.625" errors="0" timestamp="2024-10-09T20:35:12 IST" skipped="0">
  <testcase classname="com.sky.testcases.ChangeMOPvsIBAN" name="ChangeMOP" time="27.132"/>
  <system-out/>
  <testcase classname="com.sky.testcases.ChangeMOPvsIBAN" name="Entercontract" time="2.647"/>
  <system-out/>
  <testcase classname="com.sky.testcases.ChangeMOPvsIBAN" name="clickchangeMOP" time="13.846"/>
  <system-out/>
</testsuite> <!-- com.sky.testcases.ChangeMOPvsIBAN -->
